22:07:22 INFO  : Registering command handlers for SDK TCF services
22:07:23 INFO  : Launching XSCT server: xsct.bat -interactive E:\ZYNQ\ZynqLinuxSD\ZynqLinuxSD\ZynqLinuxSD.sdk\temp_xsdb_launch_script.tcl
22:07:27 INFO  : XSCT server has started successfully.
22:07:27 INFO  : Successfully done setting XSCT server connection channel  
22:07:27 INFO  : Successfully done setting SDK workspace  
22:07:27 INFO  : Processing command line option -hwspec E:/ZYNQ/ZynqLinuxSD/ZynqLinuxSD/ZynqLinuxSD.sdk/ZynqLinuxSD_wrapper.hdf.
12:35:59 INFO  : Launching XSCT server: xsct.bat -interactive E:\ZYNQ\ZynqLinuxSD\ZynqLinuxSD\ZynqLinuxSD.sdk\temp_xsdb_launch_script.tcl
12:36:05 INFO  : XSCT server has started successfully.
12:36:25 INFO  : Successfully done setting XSCT server connection channel  
12:36:25 INFO  : Successfully done setting SDK workspace  
12:36:38 INFO  : Registering command handlers for SDK TCF services
12:36:38 INFO  : Processing command line option -hwspec E:/ZYNQ/ZynqLinuxSD/ZynqLinuxSD/ZynqLinuxSD.sdk/ZynqLinuxSD_wrapper.hdf.
12:36:39 INFO  : Checking for hwspec changes in the project ZynqLinuxSD_wrapper_hw_platform_0.
12:36:39 INFO  : SDK has detected change in the last modified timestamps for source hardware specification file Source:1566880437253,  Project:1566741394678
12:36:39 INFO  : The hardware specification for project 'ZynqLinuxSD_wrapper_hw_platform_0' is different from E:/ZYNQ/ZynqLinuxSD/ZynqLinuxSD/ZynqLinuxSD.sdk/ZynqLinuxSD_wrapper.hdf.
12:36:41 INFO  : Copied contents of E:/ZYNQ/ZynqLinuxSD/ZynqLinuxSD/ZynqLinuxSD.sdk/ZynqLinuxSD_wrapper.hdf into \ZynqLinuxSD_wrapper_hw_platform_0\system.hdf.
12:36:53 INFO  : Synchronizing projects in the workspace with the hardware platform specification changes.
12:37:09 INFO  : 
12:37:09 INFO  : Updating hardware inferred compiler options for fsbl.
12:37:09 INFO  : Clearing existing target manager status.
12:37:09 INFO  : Closing and re-opening the MSS file of ther project fsbl_bsp
12:37:11 INFO  : Workspace synchronized with the new hardware specification file. Cleaning dependent projects...
12:37:13 WARN  : Linker script will not be updated automatically. Users need to update it manually.
